
*** Running vivado
    with args -log Lab3_block_rst_ps7_0_100M_0.vds -m64 -product Vivado -mode batch -messageDb vivado.pb -notrace -source Lab3_block_rst_ps7_0_100M_0.tcl


****** Vivado v2017.3 (64-bit)
  **** SW Build 2018833 on Wed Oct  4 19:58:07 MDT 2017
  **** IP Build 2016188 on Wed Oct  4 21:52:56 MDT 2017
    ** Copyright 1986-2017 Xilinx, Inc. All Rights Reserved.

source Lab3_block_rst_ps7_0_100M_0.tcl -notrace
Starting RTL Elaboration : Time (s): cpu = 00:00:06 ; elapsed = 00:00:10 . Memory (MB): peak = 1307.934 ; gain = 81.000 ; free physical = 6108 ; free virtual = 12925
INFO: [Synth 8-638] synthesizing module 'Lab3_block_rst_ps7_0_100M_0' [/home/hasing/workspace/lab3/vivado/lab3.srcs/sources_1/bd/Lab3_block/ip/Lab3_block_rst_ps7_0_100M_0/synth/Lab3_block_rst_ps7_0_100M_0.vhd:74]
INFO: [Synth 8-638] synthesizing module 'proc_sys_reset' [/home/hasing/workspace/lab3/vivado/lab3.srcs/sources_1/bd/Lab3_block/ipshared/f86a/hdl/proc_sys_reset_v5_0_vh_rfs.vhd:1323]
INFO: [Synth 8-638] synthesizing module 'lpf' [/home/hasing/workspace/lab3/vivado/lab3.srcs/sources_1/bd/Lab3_block/ipshared/f86a/hdl/proc_sys_reset_v5_0_vh_rfs.vhd:816]
INFO: [Synth 8-638] synthesizing module 'SRL16' [/cad/x_17/Vivado/2017.3/scripts/rt/data/unisim_comp.v:50689]
INFO: [Synth 8-256] done synthesizing module 'SRL16' (1#1) [/cad/x_17/Vivado/2017.3/scripts/rt/data/unisim_comp.v:50689]
INFO: [Synth 8-638] synthesizing module 'cdc_sync' [/home/hasing/workspace/lab3/vivado/lab3.srcs/sources_1/bd/Lab3_block/ipshared/ef1e/hdl/lib_cdc_v1_0_rfs.vhd:106]
INFO: [Synth 8-256] done synthesizing module 'cdc_sync' (2#1) [/home/hasing/workspace/lab3/vivado/lab3.srcs/sources_1/bd/Lab3_block/ipshared/ef1e/hdl/lib_cdc_v1_0_rfs.vhd:106]
INFO: [Synth 8-256] done synthesizing module 'lpf' (3#1) [/home/hasing/workspace/lab3/vivado/lab3.srcs/sources_1/bd/Lab3_block/ipshared/f86a/hdl/proc_sys_reset_v5_0_vh_rfs.vhd:816]
INFO: [Synth 8-638] synthesizing module 'sequence_psr' [/home/hasing/workspace/lab3/vivado/lab3.srcs/sources_1/bd/Lab3_block/ipshared/f86a/hdl/proc_sys_reset_v5_0_vh_rfs.vhd:301]
INFO: [Synth 8-638] synthesizing module 'upcnt_n' [/home/hasing/workspace/lab3/vivado/lab3.srcs/sources_1/bd/Lab3_block/ipshared/f86a/hdl/proc_sys_reset_v5_0_vh_rfs.vhd:125]
INFO: [Synth 8-256] done synthesizing module 'upcnt_n' (4#1) [/home/hasing/workspace/lab3/vivado/lab3.srcs/sources_1/bd/Lab3_block/ipshared/f86a/hdl/proc_sys_reset_v5_0_vh_rfs.vhd:125]
INFO: [Synth 8-256] done synthesizing module 'sequence_psr' (5#1) [/home/hasing/workspace/lab3/vivado/lab3.srcs/sources_1/bd/Lab3_block/ipshared/f86a/hdl/proc_sys_reset_v5_0_vh_rfs.vhd:301]
INFO: [Synth 8-256] done synthesizing module 'proc_sys_reset' (6#1) [/home/hasing/workspace/lab3/vivado/lab3.srcs/sources_1/bd/Lab3_block/ipshared/f86a/hdl/proc_sys_reset_v5_0_vh_rfs.vhd:1323]
INFO: [Synth 8-256] done synthesizing module 'Lab3_block_rst_ps7_0_100M_0' (7#1) [/home/hasing/workspace/lab3/vivado/lab3.srcs/sources_1/bd/Lab3_block/ip/Lab3_block_rst_ps7_0_100M_0/synth/Lab3_block_rst_ps7_0_100M_0.vhd:74]
Finished RTL Elaboration : Time (s): cpu = 00:00:07 ; elapsed = 00:00:11 . Memory (MB): peak = 1350.473 ; gain = 123.539 ; free physical = 6076 ; free virtual = 12895
Finished RTL Optimization Phase 1 : Time (s): cpu = 00:00:07 ; elapsed = 00:00:11 . Memory (MB): peak = 1350.473 ; gain = 123.539 ; free physical = 6112 ; free virtual = 12931
INFO: [Device 21-403] Loading part xc7z020clg484-1
Constraint Validation Runtime : Time (s): cpu = 00:00:00 ; elapsed = 00:00:00.01 . Memory (MB): peak = 1695.473 ; gain = 1.000 ; free physical = 5212 ; free virtual = 12082
Finished Constraint Validation : Time (s): cpu = 00:00:22 ; elapsed = 00:01:00 . Memory (MB): peak = 1695.473 ; gain = 468.539 ; free physical = 5334 ; free virtual = 12204
Finished Loading Part and Timing Information : Time (s): cpu = 00:00:22 ; elapsed = 00:01:00 . Memory (MB): peak = 1695.473 ; gain = 468.539 ; free physical = 5343 ; free virtual = 12214
Finished applying 'set_property' XDC Constraints : Time (s): cpu = 00:00:22 ; elapsed = 00:01:00 . Memory (MB): peak = 1695.473 ; gain = 468.539 ; free physical = 5330 ; free virtual = 12200
Finished RTL Optimization Phase 2 : Time (s): cpu = 00:00:22 ; elapsed = 00:01:00 . Memory (MB): peak = 1695.473 ; gain = 468.539 ; free physical = 5350 ; free virtual = 12227
Finished Cross Boundary and Area Optimization : Time (s): cpu = 00:00:22 ; elapsed = 00:01:00 . Memory (MB): peak = 1695.473 ; gain = 468.539 ; free physical = 5340 ; free virtual = 12217
Finished Applying XDC Timing Constraints : Time (s): cpu = 00:00:28 ; elapsed = 00:01:12 . Memory (MB): peak = 1695.473 ; gain = 468.539 ; free physical = 5094 ; free virtual = 11971
Finished Timing Optimization : Time (s): cpu = 00:00:28 ; elapsed = 00:01:12 . Memory (MB): peak = 1695.473 ; gain = 468.539 ; free physical = 5094 ; free virtual = 11971
Finished Technology Mapping : Time (s): cpu = 00:00:28 ; elapsed = 00:01:12 . Memory (MB): peak = 1695.473 ; gain = 468.539 ; free physical = 5092 ; free virtual = 11970
Finished IO Insertion : Time (s): cpu = 00:00:28 ; elapsed = 00:01:13 . Memory (MB): peak = 1695.473 ; gain = 468.539 ; free physical = 5011 ; free virtual = 11889
Finished Renaming Generated Instances : Time (s): cpu = 00:00:28 ; elapsed = 00:01:13 . Memory (MB): peak = 1695.473 ; gain = 468.539 ; free physical = 5011 ; free virtual = 11889
Finished Rebuilding User Hierarchy : Time (s): cpu = 00:00:28 ; elapsed = 00:01:13 . Memory (MB): peak = 1695.473 ; gain = 468.539 ; free physical = 5002 ; free virtual = 11880
Finished Renaming Generated Ports : Time (s): cpu = 00:00:28 ; elapsed = 00:01:13 . Memory (MB): peak = 1695.473 ; gain = 468.539 ; free physical = 5002 ; free virtual = 11880
Finished Handling Custom Attributes : Time (s): cpu = 00:00:28 ; elapsed = 00:01:13 . Memory (MB): peak = 1695.473 ; gain = 468.539 ; free physical = 5002 ; free virtual = 11880
Finished Renaming Generated Nets : Time (s): cpu = 00:00:28 ; elapsed = 00:01:13 . Memory (MB): peak = 1695.473 ; gain = 468.539 ; free physical = 5002 ; free virtual = 11880

Report Cell Usage: 
+------+------+------+
|      |Cell  |Count |
+------+------+------+
|1     |LUT1  |     5|
|2     |LUT2  |     9|
|3     |LUT3  |     1|
|4     |LUT4  |     6|
|5     |LUT5  |     3|
|6     |LUT6  |     1|
|7     |SRL16 |     1|
|8     |FDR   |     8|
|9     |FDRE  |    28|
|10    |FDSE  |     4|
+------+------+------+
Finished Writing Synthesis Report : Time (s): cpu = 00:00:28 ; elapsed = 00:01:13 . Memory (MB): peak = 1695.473 ; gain = 468.539 ; free physical = 5000 ; free virtual = 11878
synth_design: Time (s): cpu = 00:00:30 ; elapsed = 00:01:14 . Memory (MB): peak = 1695.473 ; gain = 494.359 ; free physical = 5023 ; free virtual = 11901
