
*** Running vivado
    with args -log lab4_soc_auto_pc_0.vds -m64 -product Vivado -mode batch -messageDb vivado.pb -notrace -source lab4_soc_auto_pc_0.tcl


****** Vivado v2017.3 (64-bit)
  **** SW Build 2018833 on Wed Oct  4 19:58:07 MDT 2017
  **** IP Build 2016188 on Wed Oct  4 21:52:56 MDT 2017
    ** Copyright 1986-2017 Xilinx, Inc. All Rights Reserved.

source lab4_soc_auto_pc_0.tcl -notrace
Starting RTL Elaboration : Time (s): cpu = 00:00:10 ; elapsed = 00:00:24 . Memory (MB): peak = 1314.941 ; gain = 88.004 ; free physical = 1662 ; free virtual = 11497
INFO: [Synth 8-638] synthesizing module 'lab4_soc_auto_pc_0' [/home/hasing/workspace/lab4_1/vivado/lab4_1.srcs/sources_1/bd/lab4_soc/ip/lab4_soc_auto_pc_0/synth/lab4_soc_auto_pc_0.v:58]
INFO: [Synth 8-638] synthesizing module 'axi_protocol_converter_v2_1_14_axi_protocol_converter' [/home/hasing/workspace/lab4_1/vivado/lab4_1.srcs/sources_1/bd/lab4_soc/ipshared/33cc/hdl/axi_protocol_converter_v2_1_vl_rfs.v:4811]
INFO: [Synth 8-638] synthesizing module 'axi_protocol_converter_v2_1_14_b2s' [/home/hasing/workspace/lab4_1/vivado/lab4_1.srcs/sources_1/bd/lab4_soc/ipshared/33cc/hdl/axi_protocol_converter_v2_1_vl_rfs.v:4229]
INFO: [Synth 8-638] synthesizing module 'axi_protocol_converter_v2_1_14_b2s_aw_channel' [/home/hasing/workspace/lab4_1/vivado/lab4_1.srcs/sources_1/bd/lab4_soc/ipshared/33cc/hdl/axi_protocol_converter_v2_1_vl_rfs.v:3974]
INFO: [Synth 8-638] synthesizing module 'axi_protocol_converter_v2_1_14_b2s_cmd_translator' [/home/hasing/workspace/lab4_1/vivado/lab4_1.srcs/sources_1/bd/lab4_soc/ipshared/33cc/hdl/axi_protocol_converter_v2_1_vl_rfs.v:3467]
INFO: [Synth 8-638] synthesizing module 'axi_protocol_converter_v2_1_14_b2s_incr_cmd' [/home/hasing/workspace/lab4_1/vivado/lab4_1.srcs/sources_1/bd/lab4_soc/ipshared/33cc/hdl/axi_protocol_converter_v2_1_vl_rfs.v:3093]
INFO: [Synth 8-256] done synthesizing module 'axi_protocol_converter_v2_1_14_b2s_incr_cmd' (1#1) [/home/hasing/workspace/lab4_1/vivado/lab4_1.srcs/sources_1/bd/lab4_soc/ipshared/33cc/hdl/axi_protocol_converter_v2_1_vl_rfs.v:3093]
INFO: [Synth 8-638] synthesizing module 'axi_protocol_converter_v2_1_14_b2s_wrap_cmd' [/home/hasing/workspace/lab4_1/vivado/lab4_1.srcs/sources_1/bd/lab4_soc/ipshared/33cc/hdl/axi_protocol_converter_v2_1_vl_rfs.v:2903]
INFO: [Synth 8-256] done synthesizing module 'axi_protocol_converter_v2_1_14_b2s_wrap_cmd' (2#1) [/home/hasing/workspace/lab4_1/vivado/lab4_1.srcs/sources_1/bd/lab4_soc/ipshared/33cc/hdl/axi_protocol_converter_v2_1_vl_rfs.v:2903]
INFO: [Synth 8-256] done synthesizing module 'axi_protocol_converter_v2_1_14_b2s_cmd_translator' (3#1) [/home/hasing/workspace/lab4_1/vivado/lab4_1.srcs/sources_1/bd/lab4_soc/ipshared/33cc/hdl/axi_protocol_converter_v2_1_vl_rfs.v:3467]
INFO: [Synth 8-638] synthesizing module 'axi_protocol_converter_v2_1_14_b2s_wr_cmd_fsm' [/home/hasing/workspace/lab4_1/vivado/lab4_1.srcs/sources_1/bd/lab4_soc/ipshared/33cc/hdl/axi_protocol_converter_v2_1_vl_rfs.v:3225]
INFO: [Synth 8-256] done synthesizing module 'axi_protocol_converter_v2_1_14_b2s_wr_cmd_fsm' (4#1) [/home/hasing/workspace/lab4_1/vivado/lab4_1.srcs/sources_1/bd/lab4_soc/ipshared/33cc/hdl/axi_protocol_converter_v2_1_vl_rfs.v:3225]
INFO: [Synth 8-256] done synthesizing module 'axi_protocol_converter_v2_1_14_b2s_aw_channel' (5#1) [/home/hasing/workspace/lab4_1/vivado/lab4_1.srcs/sources_1/bd/lab4_soc/ipshared/33cc/hdl/axi_protocol_converter_v2_1_vl_rfs.v:3974]
INFO: [Synth 8-638] synthesizing module 'axi_protocol_converter_v2_1_14_b2s_b_channel' [/home/hasing/workspace/lab4_1/vivado/lab4_1.srcs/sources_1/bd/lab4_soc/ipshared/33cc/hdl/axi_protocol_converter_v2_1_vl_rfs.v:3609]
INFO: [Synth 8-638] synthesizing module 'axi_protocol_converter_v2_1_14_b2s_simple_fifo' [/home/hasing/workspace/lab4_1/vivado/lab4_1.srcs/sources_1/bd/lab4_soc/ipshared/33cc/hdl/axi_protocol_converter_v2_1_vl_rfs.v:2816]
INFO: [Synth 8-256] done synthesizing module 'axi_protocol_converter_v2_1_14_b2s_simple_fifo' (6#1) [/home/hasing/workspace/lab4_1/vivado/lab4_1.srcs/sources_1/bd/lab4_soc/ipshared/33cc/hdl/axi_protocol_converter_v2_1_vl_rfs.v:2816]
INFO: [Synth 8-638] synthesizing module 'axi_protocol_converter_v2_1_14_b2s_simple_fifo__parameterized0' [/home/hasing/workspace/lab4_1/vivado/lab4_1.srcs/sources_1/bd/lab4_soc/ipshared/33cc/hdl/axi_protocol_converter_v2_1_vl_rfs.v:2816]
INFO: [Synth 8-256] done synthesizing module 'axi_protocol_converter_v2_1_14_b2s_simple_fifo__parameterized0' (6#1) [/home/hasing/workspace/lab4_1/vivado/lab4_1.srcs/sources_1/bd/lab4_soc/ipshared/33cc/hdl/axi_protocol_converter_v2_1_vl_rfs.v:2816]
INFO: [Synth 8-256] done synthesizing module 'axi_protocol_converter_v2_1_14_b2s_b_channel' (7#1) [/home/hasing/workspace/lab4_1/vivado/lab4_1.srcs/sources_1/bd/lab4_soc/ipshared/33cc/hdl/axi_protocol_converter_v2_1_vl_rfs.v:3609]
INFO: [Synth 8-638] synthesizing module 'axi_protocol_converter_v2_1_14_b2s_ar_channel' [/home/hasing/workspace/lab4_1/vivado/lab4_1.srcs/sources_1/bd/lab4_soc/ipshared/33cc/hdl/axi_protocol_converter_v2_1_vl_rfs.v:4085]
INFO: [Synth 8-638] synthesizing module 'axi_protocol_converter_v2_1_14_b2s_rd_cmd_fsm' [/home/hasing/workspace/lab4_1/vivado/lab4_1.srcs/sources_1/bd/lab4_soc/ipshared/33cc/hdl/axi_protocol_converter_v2_1_vl_rfs.v:3336]
INFO: [Synth 8-256] done synthesizing module 'axi_protocol_converter_v2_1_14_b2s_rd_cmd_fsm' (8#1) [/home/hasing/workspace/lab4_1/vivado/lab4_1.srcs/sources_1/bd/lab4_soc/ipshared/33cc/hdl/axi_protocol_converter_v2_1_vl_rfs.v:3336]
INFO: [Synth 8-256] done synthesizing module 'axi_protocol_converter_v2_1_14_b2s_ar_channel' (9#1) [/home/hasing/workspace/lab4_1/vivado/lab4_1.srcs/sources_1/bd/lab4_soc/ipshared/33cc/hdl/axi_protocol_converter_v2_1_vl_rfs.v:4085]
INFO: [Synth 8-638] synthesizing module 'axi_protocol_converter_v2_1_14_b2s_r_channel' [/home/hasing/workspace/lab4_1/vivado/lab4_1.srcs/sources_1/bd/lab4_soc/ipshared/33cc/hdl/axi_protocol_converter_v2_1_vl_rfs.v:3814]
INFO: [Synth 8-638] synthesizing module 'axi_protocol_converter_v2_1_14_b2s_simple_fifo__parameterized1' [/home/hasing/workspace/lab4_1/vivado/lab4_1.srcs/sources_1/bd/lab4_soc/ipshared/33cc/hdl/axi_protocol_converter_v2_1_vl_rfs.v:2816]
INFO: [Synth 8-256] done synthesizing module 'axi_protocol_converter_v2_1_14_b2s_simple_fifo__parameterized1' (9#1) [/home/hasing/workspace/lab4_1/vivado/lab4_1.srcs/sources_1/bd/lab4_soc/ipshared/33cc/hdl/axi_protocol_converter_v2_1_vl_rfs.v:2816]
INFO: [Synth 8-638] synthesizing module 'axi_protocol_converter_v2_1_14_b2s_simple_fifo__parameterized2' [/home/hasing/workspace/lab4_1/vivado/lab4_1.srcs/sources_1/bd/lab4_soc/ipshared/33cc/hdl/axi_protocol_converter_v2_1_vl_rfs.v:2816]
INFO: [Synth 8-256] done synthesizing module 'axi_protocol_converter_v2_1_14_b2s_simple_fifo__parameterized2' (9#1) [/home/hasing/workspace/lab4_1/vivado/lab4_1.srcs/sources_1/bd/lab4_soc/ipshared/33cc/hdl/axi_protocol_converter_v2_1_vl_rfs.v:2816]
INFO: [Synth 8-256] done synthesizing module 'axi_protocol_converter_v2_1_14_b2s_r_channel' (10#1) [/home/hasing/workspace/lab4_1/vivado/lab4_1.srcs/sources_1/bd/lab4_soc/ipshared/33cc/hdl/axi_protocol_converter_v2_1_vl_rfs.v:3814]
INFO: [Synth 8-638] synthesizing module 'axi_register_slice_v2_1_14_axi_register_slice' [/home/hasing/workspace/lab4_1/vivado/lab4_1.srcs/sources_1/bd/lab4_soc/ipshared/a259/hdl/axi_register_slice_v2_1_vl_rfs.v:1284]
INFO: [Synth 8-638] synthesizing module 'axi_register_slice_v2_1_14_axic_register_slice' [/home/hasing/workspace/lab4_1/vivado/lab4_1.srcs/sources_1/bd/lab4_soc/ipshared/a259/hdl/axi_register_slice_v2_1_vl_rfs.v:189]
INFO: [Synth 8-256] done synthesizing module 'axi_register_slice_v2_1_14_axic_register_slice' (11#1) [/home/hasing/workspace/lab4_1/vivado/lab4_1.srcs/sources_1/bd/lab4_soc/ipshared/a259/hdl/axi_register_slice_v2_1_vl_rfs.v:189]
INFO: [Synth 8-638] synthesizing module 'axi_register_slice_v2_1_14_axic_register_slice__parameterized0' [/home/hasing/workspace/lab4_1/vivado/lab4_1.srcs/sources_1/bd/lab4_soc/ipshared/a259/hdl/axi_register_slice_v2_1_vl_rfs.v:189]
INFO: [Synth 8-256] done synthesizing module 'axi_register_slice_v2_1_14_axic_register_slice__parameterized0' (11#1) [/home/hasing/workspace/lab4_1/vivado/lab4_1.srcs/sources_1/bd/lab4_soc/ipshared/a259/hdl/axi_register_slice_v2_1_vl_rfs.v:189]
INFO: [Synth 8-638] synthesizing module 'axi_register_slice_v2_1_14_axic_register_slice__parameterized1' [/home/hasing/workspace/lab4_1/vivado/lab4_1.srcs/sources_1/bd/lab4_soc/ipshared/a259/hdl/axi_register_slice_v2_1_vl_rfs.v:189]
INFO: [Synth 8-256] done synthesizing module 'axi_register_slice_v2_1_14_axic_register_slice__parameterized1' (11#1) [/home/hasing/workspace/lab4_1/vivado/lab4_1.srcs/sources_1/bd/lab4_soc/ipshared/a259/hdl/axi_register_slice_v2_1_vl_rfs.v:189]
INFO: [Synth 8-638] synthesizing module 'axi_register_slice_v2_1_14_axic_register_slice__parameterized2' [/home/hasing/workspace/lab4_1/vivado/lab4_1.srcs/sources_1/bd/lab4_soc/ipshared/a259/hdl/axi_register_slice_v2_1_vl_rfs.v:189]
INFO: [Synth 8-256] done synthesizing module 'axi_register_slice_v2_1_14_axic_register_slice__parameterized2' (11#1) [/home/hasing/workspace/lab4_1/vivado/lab4_1.srcs/sources_1/bd/lab4_soc/ipshared/a259/hdl/axi_register_slice_v2_1_vl_rfs.v:189]
INFO: [Synth 8-638] synthesizing module 'axi_infrastructure_v1_1_0_axi2vector' [/home/hasing/workspace/lab4_1/vivado/lab4_1.srcs/sources_1/bd/lab4_soc/ipshared/ec67/hdl/axi_infrastructure_v1_1_vl_rfs.v:60]
INFO: [Synth 8-256] done synthesizing module 'axi_infrastructure_v1_1_0_axi2vector' (12#1) [/home/hasing/workspace/lab4_1/vivado/lab4_1.srcs/sources_1/bd/lab4_soc/ipshared/ec67/hdl/axi_infrastructure_v1_1_vl_rfs.v:60]
INFO: [Synth 8-638] synthesizing module 'axi_infrastructure_v1_1_0_vector2axi' [/home/hasing/workspace/lab4_1/vivado/lab4_1.srcs/sources_1/bd/lab4_soc/ipshared/ec67/hdl/axi_infrastructure_v1_1_vl_rfs.v:474]
INFO: [Synth 8-256] done synthesizing module 'axi_infrastructure_v1_1_0_vector2axi' (13#1) [/home/hasing/workspace/lab4_1/vivado/lab4_1.srcs/sources_1/bd/lab4_soc/ipshared/ec67/hdl/axi_infrastructure_v1_1_vl_rfs.v:474]
INFO: [Synth 8-256] done synthesizing module 'axi_register_slice_v2_1_14_axi_register_slice' (14#1) [/home/hasing/workspace/lab4_1/vivado/lab4_1.srcs/sources_1/bd/lab4_soc/ipshared/a259/hdl/axi_register_slice_v2_1_vl_rfs.v:1284]
INFO: [Synth 8-638] synthesizing module 'axi_register_slice_v2_1_14_axi_register_slice__parameterized0' [/home/hasing/workspace/lab4_1/vivado/lab4_1.srcs/sources_1/bd/lab4_soc/ipshared/a259/hdl/axi_register_slice_v2_1_vl_rfs.v:1284]
INFO: [Synth 8-638] synthesizing module 'axi_register_slice_v2_1_14_axic_register_slice__parameterized3' [/home/hasing/workspace/lab4_1/vivado/lab4_1.srcs/sources_1/bd/lab4_soc/ipshared/a259/hdl/axi_register_slice_v2_1_vl_rfs.v:189]
INFO: [Synth 8-256] done synthesizing module 'axi_register_slice_v2_1_14_axic_register_slice__parameterized3' (14#1) [/home/hasing/workspace/lab4_1/vivado/lab4_1.srcs/sources_1/bd/lab4_soc/ipshared/a259/hdl/axi_register_slice_v2_1_vl_rfs.v:189]
INFO: [Synth 8-638] synthesizing module 'axi_register_slice_v2_1_14_axic_register_slice__parameterized4' [/home/hasing/workspace/lab4_1/vivado/lab4_1.srcs/sources_1/bd/lab4_soc/ipshared/a259/hdl/axi_register_slice_v2_1_vl_rfs.v:189]
INFO: [Synth 8-256] done synthesizing module 'axi_register_slice_v2_1_14_axic_register_slice__parameterized4' (14#1) [/home/hasing/workspace/lab4_1/vivado/lab4_1.srcs/sources_1/bd/lab4_soc/ipshared/a259/hdl/axi_register_slice_v2_1_vl_rfs.v:189]
INFO: [Synth 8-638] synthesizing module 'axi_register_slice_v2_1_14_axic_register_slice__parameterized5' [/home/hasing/workspace/lab4_1/vivado/lab4_1.srcs/sources_1/bd/lab4_soc/ipshared/a259/hdl/axi_register_slice_v2_1_vl_rfs.v:189]
INFO: [Synth 8-256] done synthesizing module 'axi_register_slice_v2_1_14_axic_register_slice__parameterized5' (14#1) [/home/hasing/workspace/lab4_1/vivado/lab4_1.srcs/sources_1/bd/lab4_soc/ipshared/a259/hdl/axi_register_slice_v2_1_vl_rfs.v:189]
INFO: [Synth 8-638] synthesizing module 'axi_register_slice_v2_1_14_axic_register_slice__parameterized6' [/home/hasing/workspace/lab4_1/vivado/lab4_1.srcs/sources_1/bd/lab4_soc/ipshared/a259/hdl/axi_register_slice_v2_1_vl_rfs.v:189]
INFO: [Synth 8-256] done synthesizing module 'axi_register_slice_v2_1_14_axic_register_slice__parameterized6' (14#1) [/home/hasing/workspace/lab4_1/vivado/lab4_1.srcs/sources_1/bd/lab4_soc/ipshared/a259/hdl/axi_register_slice_v2_1_vl_rfs.v:189]
INFO: [Synth 8-638] synthesizing module 'axi_infrastructure_v1_1_0_axi2vector__parameterized0' [/home/hasing/workspace/lab4_1/vivado/lab4_1.srcs/sources_1/bd/lab4_soc/ipshared/ec67/hdl/axi_infrastructure_v1_1_vl_rfs.v:60]
INFO: [Synth 8-256] done synthesizing module 'axi_infrastructure_v1_1_0_axi2vector__parameterized0' (14#1) [/home/hasing/workspace/lab4_1/vivado/lab4_1.srcs/sources_1/bd/lab4_soc/ipshared/ec67/hdl/axi_infrastructure_v1_1_vl_rfs.v:60]
INFO: [Synth 8-638] synthesizing module 'axi_infrastructure_v1_1_0_vector2axi__parameterized0' [/home/hasing/workspace/lab4_1/vivado/lab4_1.srcs/sources_1/bd/lab4_soc/ipshared/ec67/hdl/axi_infrastructure_v1_1_vl_rfs.v:474]
INFO: [Synth 8-256] done synthesizing module 'axi_infrastructure_v1_1_0_vector2axi__parameterized0' (14#1) [/home/hasing/workspace/lab4_1/vivado/lab4_1.srcs/sources_1/bd/lab4_soc/ipshared/ec67/hdl/axi_infrastructure_v1_1_vl_rfs.v:474]
INFO: [Synth 8-256] done synthesizing module 'axi_register_slice_v2_1_14_axi_register_slice__parameterized0' (14#1) [/home/hasing/workspace/lab4_1/vivado/lab4_1.srcs/sources_1/bd/lab4_soc/ipshared/a259/hdl/axi_register_slice_v2_1_vl_rfs.v:1284]
INFO: [Synth 8-256] done synthesizing module 'axi_protocol_converter_v2_1_14_b2s' (15#1) [/home/hasing/workspace/lab4_1/vivado/lab4_1.srcs/sources_1/bd/lab4_soc/ipshared/33cc/hdl/axi_protocol_converter_v2_1_vl_rfs.v:4229]
INFO: [Synth 8-256] done synthesizing module 'axi_protocol_converter_v2_1_14_axi_protocol_converter' (16#1) [/home/hasing/workspace/lab4_1/vivado/lab4_1.srcs/sources_1/bd/lab4_soc/ipshared/33cc/hdl/axi_protocol_converter_v2_1_vl_rfs.v:4811]
INFO: [Synth 8-256] done synthesizing module 'lab4_soc_auto_pc_0' (17#1) [/home/hasing/workspace/lab4_1/vivado/lab4_1.srcs/sources_1/bd/lab4_soc/ip/lab4_soc_auto_pc_0/synth/lab4_soc_auto_pc_0.v:58]
Finished RTL Elaboration : Time (s): cpu = 00:00:28 ; elapsed = 00:01:00 . Memory (MB): peak = 1437.477 ; gain = 210.539 ; free physical = 1308 ; free virtual = 11144
Finished RTL Optimization Phase 1 : Time (s): cpu = 00:00:28 ; elapsed = 00:01:00 . Memory (MB): peak = 1437.477 ; gain = 210.539 ; free physical = 1305 ; free virtual = 11141
INFO: [Device 21-403] Loading part xc7z020clg484-1
Constraint Validation Runtime : Time (s): cpu = 00:00:00.04 ; elapsed = 00:00:00.04 . Memory (MB): peak = 1714.086 ; gain = 1.000 ; free physical = 2647 ; free virtual = 12494
Finished Constraint Validation : Time (s): cpu = 00:00:43 ; elapsed = 00:01:40 . Memory (MB): peak = 1714.086 ; gain = 487.148 ; free physical = 2847 ; free virtual = 12595
Finished Loading Part and Timing Information : Time (s): cpu = 00:00:43 ; elapsed = 00:01:40 . Memory (MB): peak = 1714.086 ; gain = 487.148 ; free physical = 2847 ; free virtual = 12595
Finished applying 'set_property' XDC Constraints : Time (s): cpu = 00:00:43 ; elapsed = 00:01:40 . Memory (MB): peak = 1714.086 ; gain = 487.148 ; free physical = 2850 ; free virtual = 12598
Finished RTL Optimization Phase 2 : Time (s): cpu = 00:00:44 ; elapsed = 00:01:40 . Memory (MB): peak = 1714.086 ; gain = 487.148 ; free physical = 2743 ; free virtual = 12590
Finished Cross Boundary and Area Optimization : Time (s): cpu = 00:00:45 ; elapsed = 00:01:42 . Memory (MB): peak = 1714.086 ; gain = 487.148 ; free physical = 2717 ; free virtual = 12564
Finished Applying XDC Timing Constraints : Time (s): cpu = 00:00:50 ; elapsed = 00:01:51 . Memory (MB): peak = 1714.086 ; gain = 487.148 ; free physical = 2591 ; free virtual = 12437
Finished Timing Optimization : Time (s): cpu = 00:00:51 ; elapsed = 00:01:52 . Memory (MB): peak = 1737.156 ; gain = 510.219 ; free physical = 2563 ; free virtual = 12409
Finished Technology Mapping : Time (s): cpu = 00:00:51 ; elapsed = 00:01:52 . Memory (MB): peak = 1745.164 ; gain = 518.227 ; free physical = 2563 ; free virtual = 12409
Finished IO Insertion : Time (s): cpu = 00:00:52 ; elapsed = 00:01:53 . Memory (MB): peak = 1745.168 ; gain = 518.230 ; free physical = 2562 ; free virtual = 12409
Finished Renaming Generated Instances : Time (s): cpu = 00:00:52 ; elapsed = 00:01:53 . Memory (MB): peak = 1745.168 ; gain = 518.230 ; free physical = 2562 ; free virtual = 12409
Finished Rebuilding User Hierarchy : Time (s): cpu = 00:00:52 ; elapsed = 00:01:53 . Memory (MB): peak = 1745.168 ; gain = 518.230 ; free physical = 2562 ; free virtual = 12409
Finished Renaming Generated Ports : Time (s): cpu = 00:00:52 ; elapsed = 00:01:53 . Memory (MB): peak = 1745.168 ; gain = 518.230 ; free physical = 2562 ; free virtual = 12409
Finished Handling Custom Attributes : Time (s): cpu = 00:00:52 ; elapsed = 00:01:53 . Memory (MB): peak = 1745.168 ; gain = 518.230 ; free physical = 2562 ; free virtual = 12409
Finished Renaming Generated Nets : Time (s): cpu = 00:00:52 ; elapsed = 00:01:53 . Memory (MB): peak = 1745.168 ; gain = 518.230 ; free physical = 2562 ; free virtual = 12409

Report Cell Usage: 
+------+--------+------+
|      |Cell    |Count |
+------+--------+------+
|1     |CARRY4  |    18|
|2     |LUT1    |     6|
|3     |LUT2    |    19|
|4     |LUT3    |   243|
|5     |LUT4    |    47|
|6     |LUT5    |    66|
|7     |LUT6    |   104|
|8     |SRL16E  |    18|
|9     |SRLC32E |    47|
|10    |FDRE    |   552|
|11    |FDSE    |    49|
+------+--------+------+
Finished Writing Synthesis Report : Time (s): cpu = 00:00:52 ; elapsed = 00:01:53 . Memory (MB): peak = 1745.168 ; gain = 518.230 ; free physical = 2562 ; free virtual = 12409
synth_design: Time (s): cpu = 00:00:53 ; elapsed = 00:01:54 . Memory (MB): peak = 1746.164 ; gain = 545.047 ; free physical = 2635 ; free virtual = 12482
