
*** Running vivado
    with args -log lab4_soc_xlconstant_0_0.vds -m64 -product Vivado -mode batch -messageDb vivado.pb -notrace -source lab4_soc_xlconstant_0_0.tcl


****** Vivado v2017.3 (64-bit)
  **** SW Build 2018833 on Wed Oct  4 19:58:07 MDT 2017
  **** IP Build 2016188 on Wed Oct  4 21:52:56 MDT 2017
    ** Copyright 1986-2017 Xilinx, Inc. All Rights Reserved.

source lab4_soc_xlconstant_0_0.tcl -notrace
Starting RTL Elaboration : Time (s): cpu = 00:00:06 ; elapsed = 00:00:07 . Memory (MB): peak = 1307.938 ; gain = 81.000 ; free physical = 3062 ; free virtual = 12586
INFO: [Synth 8-638] synthesizing module 'lab4_soc_xlconstant_0_0' [/home/hasing/workspace/lab4_1/vivado/lab4_1.srcs/sources_1/bd/lab4_soc/ip/lab4_soc_xlconstant_0_0/synth/lab4_soc_xlconstant_0_0.v:57]
INFO: [Synth 8-638] synthesizing module 'xlconstant_v1_1_3_xlconstant' [/home/hasing/workspace/lab4_1/vivado/lab4_1.srcs/sources_1/bd/lab4_soc/ipshared/0750/hdl/xlconstant_v1_1_vl_rfs.v:23]
INFO: [Synth 8-256] done synthesizing module 'xlconstant_v1_1_3_xlconstant' (1#1) [/home/hasing/workspace/lab4_1/vivado/lab4_1.srcs/sources_1/bd/lab4_soc/ipshared/0750/hdl/xlconstant_v1_1_vl_rfs.v:23]
INFO: [Synth 8-256] done synthesizing module 'lab4_soc_xlconstant_0_0' (2#1) [/home/hasing/workspace/lab4_1/vivado/lab4_1.srcs/sources_1/bd/lab4_soc/ip/lab4_soc_xlconstant_0_0/synth/lab4_soc_xlconstant_0_0.v:57]
Finished RTL Elaboration : Time (s): cpu = 00:00:07 ; elapsed = 00:00:08 . Memory (MB): peak = 1349.477 ; gain = 122.539 ; free physical = 3001 ; free virtual = 12525
Finished RTL Optimization Phase 1 : Time (s): cpu = 00:00:07 ; elapsed = 00:00:08 . Memory (MB): peak = 1349.477 ; gain = 122.539 ; free physical = 3041 ; free virtual = 12565
INFO: [Device 21-403] Loading part xc7z020clg484-1
Constraint Validation Runtime : Time (s): cpu = 00:00:00 ; elapsed = 00:00:00.01 . Memory (MB): peak = 1596.477 ; gain = 0.000 ; free physical = 2443 ; free virtual = 11967
Finished Constraint Validation : Time (s): cpu = 00:00:21 ; elapsed = 00:00:46 . Memory (MB): peak = 1596.477 ; gain = 369.539 ; free physical = 2474 ; free virtual = 11999
Finished Loading Part and Timing Information : Time (s): cpu = 00:00:21 ; elapsed = 00:00:46 . Memory (MB): peak = 1596.477 ; gain = 369.539 ; free physical = 2474 ; free virtual = 11998
Finished applying 'set_property' XDC Constraints : Time (s): cpu = 00:00:21 ; elapsed = 00:00:46 . Memory (MB): peak = 1596.477 ; gain = 369.539 ; free physical = 2475 ; free virtual = 12000
Finished RTL Optimization Phase 2 : Time (s): cpu = 00:00:21 ; elapsed = 00:00:46 . Memory (MB): peak = 1596.477 ; gain = 369.539 ; free physical = 2475 ; free virtual = 11999
Finished Cross Boundary and Area Optimization : Time (s): cpu = 00:00:21 ; elapsed = 00:00:46 . Memory (MB): peak = 1596.477 ; gain = 369.539 ; free physical = 2467 ; free virtual = 11991
Finished Applying XDC Timing Constraints : Time (s): cpu = 00:00:26 ; elapsed = 00:00:56 . Memory (MB): peak = 1647.477 ; gain = 420.539 ; free physical = 2222 ; free virtual = 11747
Finished Timing Optimization : Time (s): cpu = 00:00:26 ; elapsed = 00:00:56 . Memory (MB): peak = 1647.477 ; gain = 420.539 ; free physical = 2222 ; free virtual = 11747
Finished Technology Mapping : Time (s): cpu = 00:00:26 ; elapsed = 00:00:56 . Memory (MB): peak = 1655.492 ; gain = 428.555 ; free physical = 2221 ; free virtual = 11746
Finished IO Insertion : Time (s): cpu = 00:00:27 ; elapsed = 00:00:57 . Memory (MB): peak = 1655.496 ; gain = 428.559 ; free physical = 2219 ; free virtual = 11744
Finished Renaming Generated Instances : Time (s): cpu = 00:00:27 ; elapsed = 00:00:57 . Memory (MB): peak = 1655.496 ; gain = 428.559 ; free physical = 2219 ; free virtual = 11744
Finished Rebuilding User Hierarchy : Time (s): cpu = 00:00:27 ; elapsed = 00:00:57 . Memory (MB): peak = 1655.496 ; gain = 428.559 ; free physical = 2219 ; free virtual = 11744
Finished Renaming Generated Ports : Time (s): cpu = 00:00:27 ; elapsed = 00:00:57 . Memory (MB): peak = 1655.496 ; gain = 428.559 ; free physical = 2219 ; free virtual = 11744
Finished Handling Custom Attributes : Time (s): cpu = 00:00:27 ; elapsed = 00:00:57 . Memory (MB): peak = 1655.496 ; gain = 428.559 ; free physical = 2219 ; free virtual = 11744
Finished Renaming Generated Nets : Time (s): cpu = 00:00:27 ; elapsed = 00:00:57 . Memory (MB): peak = 1655.496 ; gain = 428.559 ; free physical = 2219 ; free virtual = 11744

Report Cell Usage: 
+-+-----+------+
| |Cell |Count |
+-+-----+------+
+-+-----+------+
Finished Writing Synthesis Report : Time (s): cpu = 00:00:27 ; elapsed = 00:00:57 . Memory (MB): peak = 1655.496 ; gain = 428.559 ; free physical = 2219 ; free virtual = 11744
synth_design: Time (s): cpu = 00:00:28 ; elapsed = 00:00:57 . Memory (MB): peak = 1670.496 ; gain = 469.379 ; free physical = 2219 ; free virtual = 11744
