
*** Running vivado
    with args -log lab4_soc_processing_system7_0_1.vds -m64 -product Vivado -mode batch -messageDb vivado.pb -notrace -source lab4_soc_processing_system7_0_1.tcl


****** Vivado v2017.3 (64-bit)
  **** SW Build 2018833 on Wed Oct  4 19:58:07 MDT 2017
  **** IP Build 2016188 on Wed Oct  4 21:52:56 MDT 2017
    ** Copyright 1986-2017 Xilinx, Inc. All Rights Reserved.

source lab4_soc_processing_system7_0_1.tcl -notrace
Starting RTL Elaboration : Time (s): cpu = 00:00:06 ; elapsed = 00:00:07 . Memory (MB): peak = 1319.812 ; gain = 85.000 ; free physical = 5993 ; free virtual = 13888
INFO: [Synth 8-638] synthesizing module 'lab4_soc_processing_system7_0_1' [/home/hasing/workspace/lab4_1/vivado/lab4_1.srcs/sources_1/bd/lab4_soc/ip/lab4_soc_processing_system7_0_1/synth/lab4_soc_processing_system7_0_1.v:60]
INFO: [Synth 8-638] synthesizing module 'processing_system7_v5_5_processing_system7' [/home/hasing/workspace/lab4_1/vivado/lab4_1.srcs/sources_1/bd/lab4_soc/ip/lab4_soc_processing_system7_0_1/hdl/verilog/processing_system7_v5_5_processing_system7.v:162]
INFO: [Synth 8-638] synthesizing module 'BUFG' [/cad/x_17/Vivado/2017.3/scripts/rt/data/unisim_comp.v:607]
INFO: [Synth 8-256] done synthesizing module 'BUFG' (1#1) [/cad/x_17/Vivado/2017.3/scripts/rt/data/unisim_comp.v:607]
INFO: [Synth 8-638] synthesizing module 'BIBUF' [/cad/x_17/Vivado/2017.3/scripts/rt/data/unisim_comp.v:268]
INFO: [Synth 8-256] done synthesizing module 'BIBUF' (2#1) [/cad/x_17/Vivado/2017.3/scripts/rt/data/unisim_comp.v:268]
INFO: [Synth 8-638] synthesizing module 'PS7' [/cad/x_17/Vivado/2017.3/scripts/rt/data/unisim_comp.v:40559]
INFO: [Synth 8-256] done synthesizing module 'PS7' (3#1) [/cad/x_17/Vivado/2017.3/scripts/rt/data/unisim_comp.v:40559]
INFO: [Synth 8-256] done synthesizing module 'processing_system7_v5_5_processing_system7' (4#1) [/home/hasing/workspace/lab4_1/vivado/lab4_1.srcs/sources_1/bd/lab4_soc/ip/lab4_soc_processing_system7_0_1/hdl/verilog/processing_system7_v5_5_processing_system7.v:162]
INFO: [Synth 8-256] done synthesizing module 'lab4_soc_processing_system7_0_1' (5#1) [/home/hasing/workspace/lab4_1/vivado/lab4_1.srcs/sources_1/bd/lab4_soc/ip/lab4_soc_processing_system7_0_1/synth/lab4_soc_processing_system7_0_1.v:60]
Finished RTL Elaboration : Time (s): cpu = 00:00:07 ; elapsed = 00:00:08 . Memory (MB): peak = 1362.352 ; gain = 127.539 ; free physical = 6028 ; free virtual = 13924
Finished RTL Optimization Phase 1 : Time (s): cpu = 00:00:07 ; elapsed = 00:00:09 . Memory (MB): peak = 1362.352 ; gain = 127.539 ; free physical = 6005 ; free virtual = 13902
INFO: [Device 21-403] Loading part xc7z020clg484-1
Constraint Validation Runtime : Time (s): cpu = 00:00:00.01 ; elapsed = 00:00:00 . Memory (MB): peak = 1636.102 ; gain = 1.000 ; free physical = 5451 ; free virtual = 13465
Finished Constraint Validation : Time (s): cpu = 00:00:22 ; elapsed = 00:00:47 . Memory (MB): peak = 1636.102 ; gain = 401.289 ; free physical = 5543 ; free virtual = 13558
Finished Loading Part and Timing Information : Time (s): cpu = 00:00:22 ; elapsed = 00:00:47 . Memory (MB): peak = 1636.102 ; gain = 401.289 ; free physical = 5543 ; free virtual = 13558
Finished applying 'set_property' XDC Constraints : Time (s): cpu = 00:00:22 ; elapsed = 00:00:47 . Memory (MB): peak = 1636.102 ; gain = 401.289 ; free physical = 5542 ; free virtual = 13556
Finished RTL Optimization Phase 2 : Time (s): cpu = 00:00:23 ; elapsed = 00:00:47 . Memory (MB): peak = 1636.102 ; gain = 401.289 ; free physical = 5531 ; free virtual = 13545
Finished Cross Boundary and Area Optimization : Time (s): cpu = 00:00:23 ; elapsed = 00:00:48 . Memory (MB): peak = 1643.109 ; gain = 408.297 ; free physical = 5517 ; free virtual = 13531
Finished Applying XDC Timing Constraints : Time (s): cpu = 00:00:28 ; elapsed = 00:00:57 . Memory (MB): peak = 1840.109 ; gain = 605.297 ; free physical = 5766 ; free virtual = 13780
Finished Timing Optimization : Time (s): cpu = 00:00:28 ; elapsed = 00:00:58 . Memory (MB): peak = 1860.117 ; gain = 625.305 ; free physical = 5752 ; free virtual = 13767
Finished Technology Mapping : Time (s): cpu = 00:00:29 ; elapsed = 00:00:59 . Memory (MB): peak = 1868.125 ; gain = 633.312 ; free physical = 5748 ; free virtual = 13763
Finished IO Insertion : Time (s): cpu = 00:00:30 ; elapsed = 00:01:00 . Memory (MB): peak = 1868.129 ; gain = 633.316 ; free physical = 5748 ; free virtual = 13762
Finished Renaming Generated Instances : Time (s): cpu = 00:00:30 ; elapsed = 00:01:00 . Memory (MB): peak = 1868.129 ; gain = 633.316 ; free physical = 5748 ; free virtual = 13762
Finished Rebuilding User Hierarchy : Time (s): cpu = 00:00:30 ; elapsed = 00:01:00 . Memory (MB): peak = 1868.129 ; gain = 633.316 ; free physical = 5748 ; free virtual = 13762
Finished Renaming Generated Ports : Time (s): cpu = 00:00:30 ; elapsed = 00:01:00 . Memory (MB): peak = 1868.129 ; gain = 633.316 ; free physical = 5748 ; free virtual = 13762
Finished Handling Custom Attributes : Time (s): cpu = 00:00:30 ; elapsed = 00:01:00 . Memory (MB): peak = 1868.129 ; gain = 633.316 ; free physical = 5748 ; free virtual = 13762
Finished Renaming Generated Nets : Time (s): cpu = 00:00:30 ; elapsed = 00:01:00 . Memory (MB): peak = 1868.129 ; gain = 633.316 ; free physical = 5748 ; free virtual = 13762

Report Cell Usage: 
+------+------+------+
|      |Cell  |Count |
+------+------+------+
|1     |BIBUF |   130|
|2     |BUFG  |     1|
|3     |LUT1  |   112|
|4     |PS7   |     1|
+------+------+------+
Finished Writing Synthesis Report : Time (s): cpu = 00:00:30 ; elapsed = 00:01:00 . Memory (MB): peak = 1868.129 ; gain = 633.316 ; free physical = 5748 ; free virtual = 13762
synth_design: Time (s): cpu = 00:00:32 ; elapsed = 00:01:00 . Memory (MB): peak = 1871.125 ; gain = 662.133 ; free physical = 5941 ; free virtual = 13956
