Copyright 1986-2017 Xilinx, Inc. All Rights Reserved.
--------------------------------------------------------------------------------------
| Tool Version : Vivado v.2017.3 (lin64) Build 2018833 Wed Oct  4 19:58:07 MDT 2017
| Date         : Tue Mar 27 11:38:58 2018
| Host         : lx32 running 64-bit SUSE Linux Enterprise Desktop 12 SP2
| Command      : report_control_sets -file Lab3_block_wrapper_control_sets_placed.rpt
| Design       : Lab3_block_wrapper
| Device       : xc7z020
--------------------------------------------------------------------------------------

Control Set Information

Table of Contents
-----------------
1. Summary
2. Flip-Flop Distribution

1. Summary
----------

+-------------------------------+-------+
|             Status            | Count |
+-------------------------------+-------+
| Number of unique control sets |    45 |
+-------------------------------+-------+


2. Flip-Flop Distribution
-------------------------

+--------------+-----------------------+------------------------+-----------------+--------------+
| Clock Enable | Synchronous Set/Reset | Asynchronous Set/Reset | Total Registers | Total Slices |
+--------------+-----------------------+------------------------+-----------------+--------------+
| No           | No                    | No                     |             110 |           31 |
| No           | No                    | Yes                    |               0 |            0 |
| No           | Yes                   | No                     |              86 |           27 |
| Yes          | No                    | No                     |             300 |           68 |
| Yes          | No                    | Yes                    |               0 |            0 |
| Yes          | Yes                   | No                     |             230 |           52 |
+--------------+-----------------------+------------------------+-----------------+--------------+


