Copyright 1986-2017 Xilinx, Inc. All Rights Reserved.
------------------------------------------------------------------------------------
| Tool Version : Vivado v.2017.3 (lin64) Build 2018833 Wed Oct  4 19:58:07 MDT 2017
| Date         : Sat May  5 19:05:48 2018
| Host         : lx24 running 64-bit SUSE Linux Enterprise Desktop 12 SP2
| Command      : upgrade_ip
| Device       : xc7z020clg484-1
------------------------------------------------------------------------------------

Upgrade Log for IP 'lab4_soc_mixer_0_0'

1. Summary
----------

SUCCESS in the upgrade of lab4_soc_mixer_0_0 (ttu.ee:user:mixer:1.0) from (Rev. 2) to (Rev. 1)






Copyright 1986-2017 Xilinx, Inc. All Rights Reserved.
------------------------------------------------------------------------------------
| Tool Version : Vivado v.2017.3 (lin64) Build 2018833 Wed Oct  4 19:58:07 MDT 2017
| Date         : Fri Apr 13 18:22:10 2018
| Host         : lx24 running 64-bit SUSE Linux Enterprise Desktop 12 SP2
| Command      : upgrade_ip
| Device       : xc7z020clg484-1
------------------------------------------------------------------------------------

Upgrade Log for IP 'lab4_soc_Volume_Pregain_0_0'

1. Summary
----------

CAUTION (success, with warnings) in the upgrade of lab4_soc_Volume_Pregain_0_0 (tsotnep:userLibrary:Volume_Pregain:1.0) from (Rev. 2) to (Rev. 3)

2. Interface Information
------------------------

Detected external interface differences while upgrading 'lab4_soc_Volume_Pregain_0_0'.


-Upgrade has added interface 'OUT_RDY' (xilinx.com:signal:interrupt:1.0)







Copyright 1986-2017 Xilinx, Inc. All Rights Reserved.
------------------------------------------------------------------------------------
| Tool Version : Vivado v.2017.3 (lin64) Build 2018833 Wed Oct  4 19:58:07 MDT 2017
| Date         : Fri Apr 13 18:22:09 2018
| Host         : lx24 running 64-bit SUSE Linux Enterprise Desktop 12 SP2
| Command      : upgrade_ip
| Device       : xc7z020clg484-1
------------------------------------------------------------------------------------

Upgrade Log for IP 'lab4_soc_FILTER_IIR_0_0'

1. Summary
----------

CAUTION (success, with warnings) in the upgrade of lab4_soc_FILTER_IIR_0_0 (tsotnep:userLibrary:FILTER_IIR:1.0) from (Rev. 1) to (Rev. 2)

2. Interface Information
------------------------

Detected external interface differences while upgrading 'lab4_soc_FILTER_IIR_0_0'.


-Upgrade has added interface 'FILTER_DONE' (xilinx.com:signal:interrupt:1.0)


