#-----------------------------------------------------------
# Vivado v2017.3 (64-bit)
# SW Build 2018833 on Wed Oct  4 19:58:07 MDT 2017
# IP Build 2016188 on Wed Oct  4 21:52:56 MDT 2017
# Start of session at: Tue Apr 24 17:58:55 2018
# Process ID: 16941
# Current directory: /home/hasing/workspace/lab4/vivado
# Command line: vivado
# Log file: /home/hasing/workspace/lab4/vivado/vivado.log
# Journal file: /home/hasing/workspace/lab4/vivado/vivado.jou
#-----------------------------------------------------------
start_gui
open_project /home/hasing/workspace/lab4/vivado/lab4_1.xpr
INFO: [Project 1-313] Project file moved from '/home/hasing/workspace/lab4_1/vivado' since last save.
Scanning sources...
Finished scanning sources
INFO: [IP_Flow 19-234] Refreshing IP repositories
INFO: [IP_Flow 19-1700] Loaded user IP repository '/home/hasing/workspace/lab4/ip_repo/zedboard_audio'.
INFO: [IP_Flow 19-1700] Loaded user IP repository '/home/hasing/workspace/lab4/ip_repo/Volume_Pregain'.
INFO: [IP_Flow 19-1700] Loaded user IP repository '/home/hasing/workspace/lab4/ip_repo/ip_repo_vivado/FILTER_IIR_1.0'.
INFO: [IP_Flow 19-2313] Loaded Vivado IP repository '/cad/x_17/Vivado/2017.3/data/ip'.
WARNING: [IP_Flow 19-3664] IP 'lab4_soc_auto_pc_0' generated file not found '/home/hasing/workspace/lab4/vivado/lab4_1.srcs/sources_1/bd/lab4_soc/ip/lab4_soc_auto_pc_0/stats.txt'. Please regenerate to continue.
open_project: Time (s): cpu = 00:00:14 ; elapsed = 00:00:09 . Memory (MB): peak = 6148.586 ; gain = 87.148 ; free physical = 6840 ; free virtual = 14992
update_compile_order -fileset sources_1
open_bd_design {/home/hasing/workspace/lab4/vivado/lab4_1.srcs/sources_1/bd/lab4_soc/lab4_soc.bd}
Adding cell -- xilinx.com:ip:processing_system7:5.5 - processing_system7_0
Adding cell -- ttu.ee:user:zed_audio:1.0 - zed_audio_0
Adding cell -- xilinx.com:ip:xlconstant:1.1 - xlconstant_0
Adding cell -- xilinx.com:ip:proc_sys_reset:5.0 - rst_ps7_0_100M
Adding cell -- xilinx.com:ip:xlconcat:2.1 - xlconcat_0
Adding cell -- tsotnep:userLibrary:FILTER_IIR:1.0 - FILTER_IIR_0
Adding cell -- tsotnep:userLibrary:Volume_Pregain:1.0 - Volume_Pregain_0
WARNING: [BD 41-1731] Type mismatch between connected pins: /processing_system7_0/FCLK_CLK0(clk) and /zed_audio_0/clk_100(undef)
WARNING: [BD 41-1731] Type mismatch between connected pins: /Volume_Pregain_0/OUT_RDY(intr) and /FILTER_IIR_0/SAMPLE_TRIG(undef)
Adding cell -- xilinx.com:ip:axi_crossbar:2.1 - xbar
Adding cell -- xilinx.com:ip:axi_protocol_converter:2.1 - auto_pc
Successfully read diagram <lab4_soc> from BD file </home/hasing/workspace/lab4/vivado/lab4_1.srcs/sources_1/bd/lab4_soc/lab4_soc.bd>
ipx::infer_core -vendor ttu.ee -library user -taxonomy /UserIP /home/hasing/workspace/lab4/ip_repo/SoC_Design
WARNING: [IP_Flow 19-3833] Unreferenced file from the top module is not packaged: '/home/hasing/workspace/lab4/ip_repo/SoC_Design/HDL/Audio_Mixer/mixer.vhd'.
INFO: [IP_Flow 19-234] Refreshing IP repositories
INFO: [IP_Flow 19-1700] Loaded user IP repository '/home/hasing/workspace/lab4/ip_repo/zedboard_audio'.
INFO: [IP_Flow 19-1700] Loaded user IP repository '/home/hasing/workspace/lab4/ip_repo/Volume_Pregain'.
INFO: [IP_Flow 19-1700] Loaded user IP repository '/home/hasing/workspace/lab4/ip_repo/ip_repo_vivado/FILTER_IIR_1.0'.
INFO: [IP_Flow 19-2313] Loaded Vivado IP repository '/cad/x_17/Vivado/2017.3/data/ip'.
INFO: [IP_Flow 19-5107] Inferred bus interface 's00_axi' of definition 'xilinx.com:interface:aximm:1.0' (from Xilinx Repository).
INFO: [IP_Flow 19-4753] Inferred signal 'reset' from port 's00_axi_aresetn' as interface 's00_axi_aresetn'.
INFO: [IP_Flow 19-4728] Bus Interface 's00_axi_aresetn': Added interface parameter 'POLARITY' with value 'ACTIVE_LOW'.
INFO: [IP_Flow 19-4753] Inferred signal 'clock' from port 's00_axi_aclk' as interface 's00_axi_aclk'.
INFO: [IP_Flow 19-4728] Bus Interface 's00_axi_aclk': Added interface parameter 'ASSOCIATED_BUSIF' with value 's00_axi'.
INFO: [IP_Flow 19-4728] Bus Interface 's00_axi_aclk': Added interface parameter 'ASSOCIATED_RESET' with value 's00_axi_aresetn'.
ipx::edit_ip_in_project -upgrade true -name mixer_ip -directory /home/hasing/workspace/lab4/vivado/lab4_1.tmp /home/hasing/workspace/lab4/ip_repo/SoC_Design/component.xml
INFO: [IP_Flow 19-234] Refreshing IP repositories
INFO: [IP_Flow 19-1704] No user IP repositories specified
INFO: [IP_Flow 19-2313] Loaded Vivado IP repository '/cad/x_17/Vivado/2017.3/data/ip'.
INFO: [IP_Flow 19-234] Refreshing IP repositories
INFO: [IP_Flow 19-1700] Loaded user IP repository '/home/hasing/workspace/lab4/ip_repo/zedboard_audio'.
INFO: [IP_Flow 19-1700] Loaded user IP repository '/home/hasing/workspace/lab4/ip_repo/Volume_Pregain'.
INFO: [IP_Flow 19-1700] Loaded user IP repository '/home/hasing/workspace/lab4/ip_repo/ip_repo_vivado/FILTER_IIR_1.0'.
INFO: [IP_Flow 19-795] Syncing license key meta-data
ipx::edit_ip_in_project: Time (s): cpu = 00:00:08 ; elapsed = 00:00:05 . Memory (MB): peak = 6272.531 ; gain = 8.969 ; free physical = 6469 ; free virtual = 14697
ipx::current_core /home/hasing/workspace/lab4/ip_repo/SoC_Design/component.xml
update_compile_order -fileset sources_1
close_project
ipx::infer_core -vendor ttu.ee -library user -taxonomy /UserIP /home/hasing/workspace/lab4/ip_repo/SoC_Design/HDL/Audio_Mixer
INFO: [IP_Flow 19-234] Refreshing IP repositories
INFO: [IP_Flow 19-1700] Loaded user IP repository '/home/hasing/workspace/lab4/ip_repo/zedboard_audio'.
INFO: [IP_Flow 19-1700] Loaded user IP repository '/home/hasing/workspace/lab4/ip_repo/Volume_Pregain'.
INFO: [IP_Flow 19-1700] Loaded user IP repository '/home/hasing/workspace/lab4/ip_repo/ip_repo_vivado/FILTER_IIR_1.0'.
INFO: [IP_Flow 19-2313] Loaded Vivado IP repository '/cad/x_17/Vivado/2017.3/data/ip'.
ipx::edit_ip_in_project -upgrade true -name mixer_ip -directory /home/hasing/workspace/lab4/vivado/lab4_1.tmp /home/hasing/workspace/lab4/ip_repo/SoC_Design/HDL/Audio_Mixer/component.xml
INFO: [IP_Flow 19-234] Refreshing IP repositories
INFO: [IP_Flow 19-1704] No user IP repositories specified
INFO: [IP_Flow 19-2313] Loaded Vivado IP repository '/cad/x_17/Vivado/2017.3/data/ip'.
INFO: [IP_Flow 19-234] Refreshing IP repositories
INFO: [IP_Flow 19-1700] Loaded user IP repository '/home/hasing/workspace/lab4/ip_repo/zedboard_audio'.
INFO: [IP_Flow 19-1700] Loaded user IP repository '/home/hasing/workspace/lab4/ip_repo/Volume_Pregain'.
INFO: [IP_Flow 19-1700] Loaded user IP repository '/home/hasing/workspace/lab4/ip_repo/ip_repo_vivado/FILTER_IIR_1.0'.
INFO: [IP_Flow 19-795] Syncing license key meta-data
ipx::current_core /home/hasing/workspace/lab4/ip_repo/SoC_Design/HDL/Audio_Mixer/component.xml
update_compile_order -fileset sources_1
close_project
create_peripheral ttu.ee user MYMIXER 1.0 -dir /home/hasing/workspace/lab4/ip_repo
add_peripheral_interface S00_AXI -interface_mode slave -axi_type lite [ipx::find_open_core ttu.ee:user:MYMIXER:1.0]
generate_peripheral -driver -bfm_example_design -debug_hw_example_design [ipx::find_open_core ttu.ee:user:MYMIXER:1.0]
write_peripheral [ipx::find_open_core ttu.ee:user:MYMIXER:1.0]
set_property  ip_repo_paths  {/home/hasing/workspace/lab4/ip_repo/MYMIXER_1.0 /home/hasing/workspace/lab4/ip_repo/zedboard_audio /home/hasing/workspace/lab4/ip_repo/Volume_Pregain /home/hasing/workspace/lab4/ip_repo/ip_repo_vivado/FILTER_IIR_1.0} [current_project]
update_ip_catalog -rebuild
INFO: [IP_Flow 19-234] Refreshing IP repositories
INFO: [IP_Flow 19-1700] Loaded user IP repository '/home/hasing/workspace/lab4/ip_repo/MYMIXER_1.0'.
INFO: [IP_Flow 19-1700] Loaded user IP repository '/home/hasing/workspace/lab4/ip_repo/zedboard_audio'.
INFO: [IP_Flow 19-1700] Loaded user IP repository '/home/hasing/workspace/lab4/ip_repo/Volume_Pregain'.
INFO: [IP_Flow 19-1700] Loaded user IP repository '/home/hasing/workspace/lab4/ip_repo/ip_repo_vivado/FILTER_IIR_1.0'.
ipx::edit_ip_in_project -upgrade true -name edit_MYMIXER_v1_0 -directory /home/hasing/workspace/lab4/ip_repo /home/hasing/workspace/lab4/ip_repo/MYMIXER_1.0/component.xml
INFO: [IP_Flow 19-234] Refreshing IP repositories
INFO: [IP_Flow 19-1704] No user IP repositories specified
INFO: [IP_Flow 19-2313] Loaded Vivado IP repository '/cad/x_17/Vivado/2017.3/data/ip'.
INFO: [IP_Flow 19-234] Refreshing IP repositories
INFO: [IP_Flow 19-1700] Loaded user IP repository '/home/hasing/workspace/lab4/ip_repo/MYMIXER_1.0'.
INFO: [IP_Flow 19-1700] Loaded user IP repository '/home/hasing/workspace/lab4/ip_repo/zedboard_audio'.
INFO: [IP_Flow 19-1700] Loaded user IP repository '/home/hasing/workspace/lab4/ip_repo/Volume_Pregain'.
INFO: [IP_Flow 19-1700] Loaded user IP repository '/home/hasing/workspace/lab4/ip_repo/ip_repo_vivado/FILTER_IIR_1.0'.
INFO: [IP_Flow 19-795] Syncing license key meta-data
update_compile_order -fileset sources_1
WARNING: [filemgmt 56-199] Attempt to get parsing info during refresh. "On-the-fly" syntax checking information may be incorrect. [/home/hasing/workspace/lab4/ip_repo/MYMIXER_1.0/hdl/MYMIXER_v1_0_S00_AXI.vhd:]
WARNING: [filemgmt 56-199] Attempt to get parsing info during refresh. "On-the-fly" syntax checking information may be incorrect. [/home/hasing/workspace/lab4/ip_repo/MYMIXER_1.0/hdl/MYMIXER_v1_0.vhd:]
add_files -norecurse -copy_to /home/hasing/workspace/lab4/ip_repo/MYMIXER_1.0/src /home/hasing/workspace/lab4/ip_repo/SoC_Design/HDL/Audio_Mixer/mixer.vhd
update_compile_order -fileset sources_1
close_project
exit
INFO: [Common 17-206] Exiting Vivado at Tue Apr 24 19:41:28 2018...
