
*** Running vivado
    with args -log Lab2_SoC_axi_gpio_0_0.vds -m64 -product Vivado -mode batch -messageDb vivado.pb -notrace -source Lab2_SoC_axi_gpio_0_0.tcl


****** Vivado v2017.3 (64-bit)
  **** SW Build 2018833 on Wed Oct  4 19:58:07 MDT 2017
  **** IP Build 2016188 on Wed Oct  4 21:52:56 MDT 2017
    ** Copyright 1986-2017 Xilinx, Inc. All Rights Reserved.

source Lab2_SoC_axi_gpio_0_0.tcl -notrace
Starting RTL Elaboration : Time (s): cpu = 00:00:06 ; elapsed = 00:00:08 . Memory (MB): peak = 1312.934 ; gain = 86.000 ; free physical = 6069 ; free virtual = 13449
INFO: [Synth 8-638] synthesizing module 'Lab2_SoC_axi_gpio_0_0' [/home/hasing/workspace/lab2/lab2.srcs/sources_1/bd/Lab2_SoC/ip/Lab2_SoC_axi_gpio_0_0/synth/Lab2_SoC_axi_gpio_0_0.vhd:84]
INFO: [Synth 8-638] synthesizing module 'axi_gpio' [/home/hasing/workspace/lab2/lab2.srcs/sources_1/bd/Lab2_SoC/ipshared/e9c1/hdl/axi_gpio_v2_0_vh_rfs.vhd:1358]
INFO: [Synth 8-638] synthesizing module 'axi_lite_ipif' [/home/hasing/workspace/lab2/lab2.srcs/sources_1/bd/Lab2_SoC/ipshared/cced/hdl/axi_lite_ipif_v3_0_vh_rfs.vhd:2948]
INFO: [Synth 8-638] synthesizing module 'slave_attachment' [/home/hasing/workspace/lab2/lab2.srcs/sources_1/bd/Lab2_SoC/ipshared/cced/hdl/axi_lite_ipif_v3_0_vh_rfs.vhd:2341]
INFO: [Synth 8-638] synthesizing module 'address_decoder' [/home/hasing/workspace/lab2/lab2.srcs/sources_1/bd/Lab2_SoC/ipshared/cced/hdl/axi_lite_ipif_v3_0_vh_rfs.vhd:1775]
INFO: [Synth 8-638] synthesizing module 'pselect_f' [/home/hasing/workspace/lab2/lab2.srcs/sources_1/bd/Lab2_SoC/ipshared/cced/hdl/axi_lite_ipif_v3_0_vh_rfs.vhd:1534]
INFO: [Synth 8-256] done synthesizing module 'pselect_f' (1#1) [/home/hasing/workspace/lab2/lab2.srcs/sources_1/bd/Lab2_SoC/ipshared/cced/hdl/axi_lite_ipif_v3_0_vh_rfs.vhd:1534]
INFO: [Synth 8-638] synthesizing module 'pselect_f__parameterized0' [/home/hasing/workspace/lab2/lab2.srcs/sources_1/bd/Lab2_SoC/ipshared/cced/hdl/axi_lite_ipif_v3_0_vh_rfs.vhd:1534]
INFO: [Synth 8-256] done synthesizing module 'pselect_f__parameterized0' (1#1) [/home/hasing/workspace/lab2/lab2.srcs/sources_1/bd/Lab2_SoC/ipshared/cced/hdl/axi_lite_ipif_v3_0_vh_rfs.vhd:1534]
INFO: [Synth 8-638] synthesizing module 'pselect_f__parameterized1' [/home/hasing/workspace/lab2/lab2.srcs/sources_1/bd/Lab2_SoC/ipshared/cced/hdl/axi_lite_ipif_v3_0_vh_rfs.vhd:1534]
INFO: [Synth 8-256] done synthesizing module 'pselect_f__parameterized1' (1#1) [/home/hasing/workspace/lab2/lab2.srcs/sources_1/bd/Lab2_SoC/ipshared/cced/hdl/axi_lite_ipif_v3_0_vh_rfs.vhd:1534]
INFO: [Synth 8-638] synthesizing module 'pselect_f__parameterized2' [/home/hasing/workspace/lab2/lab2.srcs/sources_1/bd/Lab2_SoC/ipshared/cced/hdl/axi_lite_ipif_v3_0_vh_rfs.vhd:1534]
INFO: [Synth 8-256] done synthesizing module 'pselect_f__parameterized2' (1#1) [/home/hasing/workspace/lab2/lab2.srcs/sources_1/bd/Lab2_SoC/ipshared/cced/hdl/axi_lite_ipif_v3_0_vh_rfs.vhd:1534]
INFO: [Synth 8-256] done synthesizing module 'address_decoder' (2#1) [/home/hasing/workspace/lab2/lab2.srcs/sources_1/bd/Lab2_SoC/ipshared/cced/hdl/axi_lite_ipif_v3_0_vh_rfs.vhd:1775]
INFO: [Synth 8-256] done synthesizing module 'slave_attachment' (3#1) [/home/hasing/workspace/lab2/lab2.srcs/sources_1/bd/Lab2_SoC/ipshared/cced/hdl/axi_lite_ipif_v3_0_vh_rfs.vhd:2341]
INFO: [Synth 8-256] done synthesizing module 'axi_lite_ipif' (4#1) [/home/hasing/workspace/lab2/lab2.srcs/sources_1/bd/Lab2_SoC/ipshared/cced/hdl/axi_lite_ipif_v3_0_vh_rfs.vhd:2948]
INFO: [Synth 8-638] synthesizing module 'GPIO_Core' [/home/hasing/workspace/lab2/lab2.srcs/sources_1/bd/Lab2_SoC/ipshared/e9c1/hdl/axi_gpio_v2_0_vh_rfs.vhd:178]
INFO: [Synth 8-638] synthesizing module 'cdc_sync' [/home/hasing/workspace/lab2/lab2.srcs/sources_1/bd/Lab2_SoC/ipshared/ef1e/hdl/lib_cdc_v1_0_rfs.vhd:106]
INFO: [Synth 8-256] done synthesizing module 'cdc_sync' (5#1) [/home/hasing/workspace/lab2/lab2.srcs/sources_1/bd/Lab2_SoC/ipshared/ef1e/hdl/lib_cdc_v1_0_rfs.vhd:106]
INFO: [Synth 8-256] done synthesizing module 'GPIO_Core' (6#1) [/home/hasing/workspace/lab2/lab2.srcs/sources_1/bd/Lab2_SoC/ipshared/e9c1/hdl/axi_gpio_v2_0_vh_rfs.vhd:178]
INFO: [Synth 8-256] done synthesizing module 'axi_gpio' (7#1) [/home/hasing/workspace/lab2/lab2.srcs/sources_1/bd/Lab2_SoC/ipshared/e9c1/hdl/axi_gpio_v2_0_vh_rfs.vhd:1358]
INFO: [Synth 8-256] done synthesizing module 'Lab2_SoC_axi_gpio_0_0' (8#1) [/home/hasing/workspace/lab2/lab2.srcs/sources_1/bd/Lab2_SoC/ip/Lab2_SoC_axi_gpio_0_0/synth/Lab2_SoC_axi_gpio_0_0.vhd:84]
Finished RTL Elaboration : Time (s): cpu = 00:00:07 ; elapsed = 00:00:09 . Memory (MB): peak = 1356.473 ; gain = 129.539 ; free physical = 6103 ; free virtual = 13486
Finished RTL Optimization Phase 1 : Time (s): cpu = 00:00:07 ; elapsed = 00:00:09 . Memory (MB): peak = 1356.473 ; gain = 129.539 ; free physical = 6090 ; free virtual = 13473
INFO: [Device 21-403] Loading part xc7z020clg484-1
Constraint Validation Runtime : Time (s): cpu = 00:00:00.01 ; elapsed = 00:00:00.01 . Memory (MB): peak = 1701.473 ; gain = 1.000 ; free physical = 5464 ; free virtual = 12897
Finished Constraint Validation : Time (s): cpu = 00:00:22 ; elapsed = 00:00:48 . Memory (MB): peak = 1701.473 ; gain = 474.539 ; free physical = 5656 ; free virtual = 13089
Finished Loading Part and Timing Information : Time (s): cpu = 00:00:22 ; elapsed = 00:00:48 . Memory (MB): peak = 1701.473 ; gain = 474.539 ; free physical = 5656 ; free virtual = 13089
Finished applying 'set_property' XDC Constraints : Time (s): cpu = 00:00:22 ; elapsed = 00:00:48 . Memory (MB): peak = 1701.473 ; gain = 474.539 ; free physical = 5659 ; free virtual = 13092
Finished RTL Optimization Phase 2 : Time (s): cpu = 00:00:22 ; elapsed = 00:00:48 . Memory (MB): peak = 1701.473 ; gain = 474.539 ; free physical = 5643 ; free virtual = 13076
Finished Cross Boundary and Area Optimization : Time (s): cpu = 00:00:22 ; elapsed = 00:00:48 . Memory (MB): peak = 1701.473 ; gain = 474.539 ; free physical = 5617 ; free virtual = 13058
Finished Applying XDC Timing Constraints : Time (s): cpu = 00:00:28 ; elapsed = 00:00:58 . Memory (MB): peak = 1701.473 ; gain = 474.539 ; free physical = 5422 ; free virtual = 12863
Finished Timing Optimization : Time (s): cpu = 00:00:28 ; elapsed = 00:00:58 . Memory (MB): peak = 1701.473 ; gain = 474.539 ; free physical = 5421 ; free virtual = 12862
Finished Technology Mapping : Time (s): cpu = 00:00:28 ; elapsed = 00:00:58 . Memory (MB): peak = 1701.473 ; gain = 474.539 ; free physical = 5422 ; free virtual = 12862
Finished IO Insertion : Time (s): cpu = 00:00:28 ; elapsed = 00:00:58 . Memory (MB): peak = 1701.473 ; gain = 474.539 ; free physical = 5478 ; free virtual = 12919
Finished Renaming Generated Instances : Time (s): cpu = 00:00:28 ; elapsed = 00:00:58 . Memory (MB): peak = 1701.473 ; gain = 474.539 ; free physical = 5478 ; free virtual = 12919
Finished Rebuilding User Hierarchy : Time (s): cpu = 00:00:28 ; elapsed = 00:00:58 . Memory (MB): peak = 1701.473 ; gain = 474.539 ; free physical = 5477 ; free virtual = 12918
Finished Renaming Generated Ports : Time (s): cpu = 00:00:28 ; elapsed = 00:00:58 . Memory (MB): peak = 1701.473 ; gain = 474.539 ; free physical = 5478 ; free virtual = 12918
Finished Handling Custom Attributes : Time (s): cpu = 00:00:28 ; elapsed = 00:00:58 . Memory (MB): peak = 1701.473 ; gain = 474.539 ; free physical = 5478 ; free virtual = 12918
Finished Renaming Generated Nets : Time (s): cpu = 00:00:28 ; elapsed = 00:00:58 . Memory (MB): peak = 1701.473 ; gain = 474.539 ; free physical = 5478 ; free virtual = 12918

Report Cell Usage: 
+------+-----+------+
|      |Cell |Count |
+------+-----+------+
|1     |LUT1 |     2|
|2     |LUT2 |     9|
|3     |LUT3 |     8|
|4     |LUT4 |    11|
|5     |LUT5 |    11|
|6     |LUT6 |    12|
|7     |FDRE |    60|
|8     |FDSE |     8|
+------+-----+------+
Finished Writing Synthesis Report : Time (s): cpu = 00:00:28 ; elapsed = 00:00:58 . Memory (MB): peak = 1701.473 ; gain = 474.539 ; free physical = 5478 ; free virtual = 12918
synth_design: Time (s): cpu = 00:00:29 ; elapsed = 00:00:59 . Memory (MB): peak = 1701.473 ; gain = 500.359 ; free physical = 5520 ; free virtual = 12960
